<?xml version="1.0" encoding="UTF-8" ?>
<testsuite tests="9" failures="0" name="br.gov.serpro.caixa24h.CaixaVinteQuatroHorasIntegradoBancoBetaContaRegularTest" time="0.038" errors="0" skipped="0">
  <properties>
[...]
</properties>
  <testcase classname="br.gov.serpro.caixa24h.CaixaVinteQuatroHorasIntegradoBancoBetaContaRegularTest" name="deveRetornarSeTransferenciaFoiEfetuadaComSucesso" time="0.038"/>
  <testcase classname="br.gov.serpro.caixa24h.CaixaVinteQuatroHorasIntegradoBancoBetaContaRegularTest" name="deveRetornarSeSaqueEfetuadoComSucesso" time="0"/>
  <testcase classname="br.gov.serpro.caixa24h.CaixaVinteQuatroHorasIntegradoBancoBetaContaRegularTest" name="deveRetornarSaldoAoInformarNumeroDaConta" time="0"/>
  <testcase classname="br.gov.serpro.caixa24h.CaixaVinteQuatroHorasIntegradoBancoBetaContaRegularTest" name="deveRetornarExcecaoQuandoInformadoBancoNulo" time="0"/>
  <testcase classname="br.gov.serpro.caixa24h.CaixaVinteQuatroHorasIntegradoBancoBetaContaRegularTest" name="naoDevePermitirSaldoInsuficienteAoEfetuarSaque" time="0"/>
  <testcase classname="br.gov.serpro.caixa24h.CaixaVinteQuatroHorasIntegradoBancoBetaContaRegularTest" name="naoDevePermitirSaldoInsuficienteAoEfetuarTransferencia" time="0"/>
  <testcase classname="br.gov.serpro.caixa24h.CaixaVinteQuatroHorasIntegradoBancoBetaContaRegularTest" name="naoDevePermitirNumeroContaInexistenteParaConsultaExtrato" time="0"/>
  <testcase classname="br.gov.serpro.caixa24h.CaixaVinteQuatroHorasIntegradoBancoBetaContaRegularTest" name="deveRetornarSeDepositoEfetuadoComSucesso" time="0"/>
  <testcase classname="br.gov.serpro.caixa24h.CaixaVinteQuatroHorasIntegradoBancoBetaContaRegularTest" name="deveRetornarUmaConsultaDoExtrato" time="0"/>
</testsuite>